invalid literal for int() with base 10: 'asdf'
invalid literal for int() with base 10: 'asdf'
invalid literal for int() with base 10: 'asdf'
invalid literal for int() with base 10: 'asdf'
invalid literal for int() with base 10: 'asdf'
invalid literal for int() with base 10: 'asd1'
invalid literal for int() with base 10: '"1234"'
invalid literal for int() with base 10: '"abc1"'
invalid literal for int() with base 10: '"abcd"'
invalid literal for int() with base 10: 'yuio'
Gif matching query does not exist. /delta3/search?searchterm=sadfsdfsdf&results=
Gif matching query does not exist. /delta3/search?searchterm=asdfasd&results=
Gif matching query does not exist.
Gif matching query does not exist.
Gif matching query does not exist.
Gif matching query does not exist.
Gif matching query does not exist.
Gif matching query does not exist. searchterm=asasdfs&results=
Gif matching query does not exist. searchterm=%27+OR+1%3D%3D1%3B%23&results=
'instancemethod' object has no attribute '__getitem__' searchterm=cat&results=
'instancemethod' object has no attribute '__getitem__' searchterm=dog&results=
'instancemethod' object has no attribute '__getitem__' searchterm=hamster&results=
'instancemethod' object has no attribute '__getitem__' searchterm=sadf&results=
'instancemethod' object has no attribute '__getitem__' searchterm=asdf&results=
'instancemethod' object has no attribute '__getitem__' searchterm=cats&results=
'instancemethod' object has no attribute '__getitem__' searchterm=dg&results=
'instancemethod' object has no attribute '__getitem__' searchterm=aaaaaaaaaaaaaaaaaa&results=
list index out of range searchterm=aaaaaaaaaaaaaaaaaa&results=
list index out of range searchterm=aaaaaaaaaaaaa&results=
local variable 'sql' referenced before assignment
local variable 'sql' referenced before assignment
local variable 'searchterm' referenced before assignment
cannot concatenate 'str' and 'NoneType' objects
cannot concatenate 'str' and 'NoneType' objects
"'searchterm'"
cannot concatenate 'str' and 'NoneType' objects
cannot concatenate 'str' and 'NoneType' objects
local variable 'searchterm' referenced before assignment
local variable 'searchterm' referenced before assignment
You can only execute one statement at a time.
You can only execute one statement at a time.
You can only execute one statement at a time.
You can only execute one statement at a time.
cannot concatenate 'str' and 'Gif' objects
cannot concatenate 'str' and 'Gif' objects
coercing to Unicode: need string or buffer, int found
coercing to Unicode: need string or buffer, int found
coercing to Unicode: need string or buffer, int found
coercing to Unicode: need string or buffer, int found
cannot concatenate 'str' and 'NoneType' objects
'Gif' object has no attribute 'fieldname'
'Gif' object has no attribute 'fieldname'
cannot concatenate 'str' and 'ModelState' objects
cannot concatenate 'str' and 'NoneType' objects
coercing to Unicode: need string or buffer, int found
You can only execute one statement at a time.
You can only execute one statement at a time.
You can only execute one statement at a time.
