------
	Timestamp: 2015-04-19 17:59:07
	Remote IP: 127.0.0.1
	Remote Hostname: 
	Full URL: localhost:8000/delta3/search
	URL path: /delta3/search
	Request method: GET
	Request params: <QueryDict: {}>
------
	Timestamp: 2015-04-19 17:59:08
	Remote IP: 127.0.0.1
	Remote Hostname: 
	Full URL: localhost:8000/favicon.ico
	URL path: /favicon.ico
	Request method: GET
	Request params: <QueryDict: {}>
------
	Timestamp: 2015-04-19 17:59:08
	Remote IP: 127.0.0.1
	Remote Hostname: 
	Full URL: localhost:8000/admin/
	URL path: /admin/
	Request method: GET
	Request params: <QueryDict: {}>
------
	Timestamp: 2015-04-19 17:59:08
	Remote IP: 127.0.0.1
	Remote Hostname: 
	Full URL: localhost:8000/admin/login/?next=/admin/
	URL path: /admin/login/?next=/admin/
	Request method: GET
	Request params: <QueryDict: {u'next': [u'/admin/']}>
------
	Timestamp: 2015-04-19 17:59:15
	Remote IP: 127.0.0.1
	Remote Hostname: 
	Full URL: localhost:8000/admin/login/?next=/admin/
	URL path: /admin/login/?next=/admin/
	Request method: POST
	Request params: <QueryDict: {u'username': [u'delta3'], u'csrfmiddlewaretoken': [u'PiP0T44u4JFbgJxZVrBhDc0nc36IPXI6'], u'password': [u'ec700'], u'next': [u'/admin/']}>
------
	Timestamp: 2015-04-19 17:59:15
	Remote IP: 127.0.0.1
	Remote Hostname: 
	Full URL: localhost:8000/admin/
	URL path: /admin/
	Request method: GET
	Request params: <QueryDict: {}>
------
	Timestamp: 2015-04-19 17:59:19
	Remote IP: 127.0.0.1
	Remote Hostname: 
	Full URL: localhost:8000/admin/secure_app/request/
	URL path: /admin/secure_app/request/
	Request method: GET
	Request params: <QueryDict: {}>
------
	Timestamp: 2015-04-19 17:59:19
	Remote IP: 127.0.0.1
	Remote Hostname: 
	Full URL: localhost:8000/admin/jsi18n/
	URL path: /admin/jsi18n/
	Request method: GET
	Request params: <QueryDict: {}>
------
	Timestamp: 2015-04-19 17:59:59
	Remote IP: 127.0.0.1
	Remote Hostname: 
	Full URL: localhost:8000/admin/secure_app/request/
	URL path: /admin/secure_app/request/
	Request method: POST
	Request params: <QueryDict: {u'action': [u'delete_selected'], u'select_across': [u'0'], u'csrfmiddlewaretoken': [u'QZsLy7TGNBUt65ZSyrco9l5hPjvyVkWg'], u'_selected_action': [u'211', u'210', u'209', u'208', u'207', u'206', u'205', u'204', u'203', u'202', u'201', u'200', u'199', u'198', u'197', u'196', u'195', u'194', u'193', u'192', u'191', u'190', u'189', u'188', u'187', u'186', u'185', u'184', u'183', u'182', u'181', u'180', u'179', u'178', u'177', u'176', u'175', u'174', u'173', u'172', u'171', u'170', u'169', u'168', u'167', u'166', u'165', u'164', u'163', u'162', u'161', u'160', u'159', u'158', u'157', u'156', u'155', u'154', u'153', u'152', u'151', u'150', u'149', u'148', u'147', u'146', u'145', u'144', u'143', u'142', u'141', u'140', u'139', u'138', u'137', u'136', u'135', u'134', u'133', u'132', u'131', u'130', u'129', u'128', u'127', u'126', u'125', u'124', u'123', u'122', u'121', u'120', u'119', u'118', u'117', u'116', u'115', u'114', u'113', u'112'], u'index': [u'0']}>
------
	Timestamp: 2015-04-19 18:00:05
	Remote IP: 127.0.0.1
	Remote Hostname: 
	Full URL: localhost:8000/admin/secure_app/request/
	URL path: /admin/secure_app/request/
	Request method: POST
	Request params: <QueryDict: {u'action': [u'delete_selected'], u'_selected_action': [u'211', u'210', u'209', u'208', u'207', u'206', u'205', u'204', u'203', u'202', u'201', u'200', u'199', u'198', u'197', u'196', u'195', u'194', u'193', u'192', u'191', u'190', u'189', u'188', u'187', u'186', u'185', u'184', u'183', u'182', u'181', u'180', u'179', u'178', u'177', u'176', u'175', u'174', u'173', u'172', u'171', u'170', u'169', u'168', u'167', u'166', u'165', u'164', u'163', u'162', u'161', u'160', u'159', u'158', u'157', u'156', u'155', u'154', u'153', u'152', u'151', u'150', u'149', u'148', u'147', u'146', u'145', u'144', u'143', u'142', u'141', u'140', u'139', u'138', u'137', u'136', u'135', u'134', u'133', u'132', u'131', u'130', u'129', u'128', u'127', u'126', u'125', u'124', u'123', u'122', u'121', u'120', u'119', u'118', u'117', u'116', u'115', u'114', u'113', u'112'], u'csrfmiddlewaretoken': [u'QZsLy7TGNBUt65ZSyrco9l5hPjvyVkWg'], u'post': [u'yes']}>
------
	Timestamp: 2015-04-19 18:00:07
	Remote IP: 127.0.0.1
	Remote Hostname: 
	Full URL: localhost:8000/admin/secure_app/request/
	URL path: /admin/secure_app/request/
	Request method: GET
	Request params: <QueryDict: {}>
------
	Timestamp: 2015-04-19 18:00:07
	Remote IP: 127.0.0.1
	Remote Hostname: 
	Full URL: localhost:8000/admin/jsi18n/
	URL path: /admin/jsi18n/
	Request method: GET
	Request params: <QueryDict: {}>
------
	Timestamp: 2015-04-19 18:00:20
	Remote IP: 127.0.0.1
	Remote Hostname: 
	Full URL: localhost:8000/admin/secure_app/request/
	URL path: /admin/secure_app/request/
	Request method: POST
	Request params: <QueryDict: {u'action': [u'delete_selected'], u'select_across': [u'0'], u'csrfmiddlewaretoken': [u'QZsLy7TGNBUt65ZSyrco9l5hPjvyVkWg'], u'_selected_action': [u'111', u'110', u'109', u'108', u'107', u'106', u'105', u'104', u'103', u'102', u'101', u'100', u'99', u'98', u'97', u'96', u'95', u'94', u'93', u'92', u'91', u'90', u'89', u'88', u'87', u'86', u'85', u'84', u'83', u'82', u'81', u'80', u'79', u'78', u'77', u'76', u'75', u'74', u'73', u'72', u'71', u'70', u'69', u'68', u'67', u'66', u'65', u'64', u'63', u'62', u'61', u'60', u'59', u'58', u'57', u'56', u'55', u'54', u'53', u'52', u'51', u'50', u'49', u'48', u'47', u'46', u'45', u'44', u'43', u'42', u'41', u'40', u'39', u'38', u'37', u'36', u'35', u'34', u'33', u'32', u'31', u'30', u'29', u'28', u'27', u'26', u'25', u'24', u'23', u'22', u'21', u'20', u'19', u'18', u'17', u'16', u'15', u'14', u'13', u'12'], u'index': [u'0']}>
------
	Timestamp: 2015-04-19 18:00:24
	Remote IP: 127.0.0.1
	Remote Hostname: 
	Full URL: localhost:8000/admin/secure_app/request/
	URL path: /admin/secure_app/request/
	Request method: POST
	Request params: <QueryDict: {u'action': [u'delete_selected'], u'_selected_action': [u'111', u'110', u'109', u'108', u'107', u'106', u'105', u'104', u'103', u'102', u'101', u'100', u'99', u'98', u'97', u'96', u'95', u'94', u'93', u'92', u'91', u'90', u'89', u'88', u'87', u'86', u'85', u'84', u'83', u'82', u'81', u'80', u'79', u'78', u'77', u'76', u'75', u'74', u'73', u'72', u'71', u'70', u'69', u'68', u'67', u'66', u'65', u'64', u'63', u'62', u'61', u'60', u'59', u'58', u'57', u'56', u'55', u'54', u'53', u'52', u'51', u'50', u'49', u'48', u'47', u'46', u'45', u'44', u'43', u'42', u'41', u'40', u'39', u'38', u'37', u'36', u'35', u'34', u'33', u'32', u'31', u'30', u'29', u'28', u'27', u'26', u'25', u'24', u'23', u'22', u'21', u'20', u'19', u'18', u'17', u'16', u'15', u'14', u'13', u'12'], u'csrfmiddlewaretoken': [u'QZsLy7TGNBUt65ZSyrco9l5hPjvyVkWg'], u'post': [u'yes']}>
------
	Timestamp: 2015-04-19 18:00:26
	Remote IP: 127.0.0.1
	Remote Hostname: 
	Full URL: localhost:8000/admin/secure_app/request/
	URL path: /admin/secure_app/request/
	Request method: GET
	Request params: <QueryDict: {}>
------
	Timestamp: 2015-04-19 18:00:26
	Remote IP: 127.0.0.1
	Remote Hostname: 
	Full URL: localhost:8000/admin/jsi18n/
	URL path: /admin/jsi18n/
	Request method: GET
	Request params: <QueryDict: {}>
------
	Timestamp: 2015-04-19 18:00:37
	Remote IP: 127.0.0.1
	Remote Hostname: 
	Full URL: localhost:8000/admin/secure_app/
	URL path: /admin/secure_app/
	Request method: GET
	Request params: <QueryDict: {}>
------
	Timestamp: 2015-04-19 18:00:39
	Remote IP: 127.0.0.1
	Remote Hostname: 
	Full URL: localhost:8000/admin/secure_app/filter/
	URL path: /admin/secure_app/filter/
	Request method: GET
	Request params: <QueryDict: {}>
------
	Timestamp: 2015-04-19 18:00:39
	Remote IP: 127.0.0.1
	Remote Hostname: 
	Full URL: localhost:8000/admin/jsi18n/
	URL path: /admin/jsi18n/
	Request method: GET
	Request params: <QueryDict: {}>
------
	Timestamp: 2015-04-19 18:00:41
	Remote IP: 127.0.0.1
	Remote Hostname: 
	Full URL: localhost:8000/admin/secure_app/filter/1/
	URL path: /admin/secure_app/filter/1/
	Request method: GET
	Request params: <QueryDict: {}>
------
	Timestamp: 2015-04-19 18:00:41
	Remote IP: 127.0.0.1
	Remote Hostname: 
	Full URL: localhost:8000/admin/jsi18n/
	URL path: /admin/jsi18n/
	Request method: GET
	Request params: <QueryDict: {}>
------
	Timestamp: 2015-04-19 18:00:44
	Remote IP: 127.0.0.1
	Remote Hostname: 
	Full URL: localhost:8000/admin/
	URL path: /admin/
	Request method: GET
	Request params: <QueryDict: {}>
